2013-03-28 09:32:11,253 ERROR [Worker-9] - System.err - SLF4J: Failed to load class "org.slf4j.impl.StaticLoggerBinder".
2013-03-28 09:32:11,254 ERROR [Worker-9] - System.err - SLF4J: Defaulting to no-operation (NOP) logger implementation
2013-03-28 09:32:11,254 ERROR [Worker-9] - System.err - SLF4J: See http://www.slf4j.org/codes.html#StaticLoggerBinder for further details.
2013-04-01 13:38:52,000  WARN [Worker-3] - ImplicitHighlightingPresenter - Timeout while waiting for `askLoadedTyped` during implicit highlighting.
2013-04-01 16:56:13,382  WARN [Worker-3] - EclipseSbtBuildManager - Error reading API from class file : java.lang.ClassNotFoundException: controllers.routes$ref
2013-04-01 16:56:13,399  WARN [Worker-3] - EclipseSbtBuildManager - Error reading API from class file : java.lang.ClassNotFoundException: controllers.routes$javascript
2013-04-01 16:56:13,402  WARN [Worker-3] - EclipseSbtBuildManager - Error reading API from class file : java.lang.ClassNotFoundException: controllers.routes
2013-04-02 13:54:04,677 ERROR [main] - org.scala-ide.sdt.core - org.scala-ide.sdt.core - org.scala-ide.sdt.core - 0 - Error during askOption
java.lang.InterruptedException
	at java.lang.Object.wait(Native Method)
	at scala.tools.nsc.interactive.Response.get(Response.scala:74)
	at scala.tools.eclipse.ScalaPresentationCompiler.askOption(ScalaPresentationCompiler.scala:137)
	at scala.tools.eclipse.ScalaPresentationCompiler.askOption(ScalaPresentationCompiler.scala:128)
	at scala.tools.eclipse.ScalaHover$$anonfun$getHoverInfo$1.scala$tools$eclipse$ScalaHover$$anonfun$$hoverInfo$1(ScalaHover.scala:24)
	at scala.tools.eclipse.ScalaHover$$anonfun$getHoverInfo$1$$anonfun$apply$3.apply(ScalaHover.scala:41)
	at scala.tools.eclipse.ScalaHover$$anonfun$getHoverInfo$1$$anonfun$apply$3.apply(ScalaHover.scala:40)
	at scala.Option.flatMap(Option.scala:170)
	at scala.tools.eclipse.ScalaHover$$anonfun$getHoverInfo$1.apply(ScalaHover.scala:40)
	at scala.tools.eclipse.ScalaHover$$anonfun$getHoverInfo$1.apply(ScalaHover.scala:21)
	at scala.tools.eclipse.ScalaPresentationCompiler.withSourceFile(ScalaPresentationCompiler.scala:99)
	at scala.tools.eclipse.ScalaProject$$anonfun$withSourceFile$1.apply(ScalaProject.scala:602)
	at scala.tools.eclipse.ScalaProject$$anonfun$withSourceFile$1.apply(ScalaProject.scala:601)
	at scala.tools.eclipse.ScalaProject$$anonfun$withPresentationCompiler$1.apply(ScalaProject.scala:595)
	at scala.tools.eclipse.ScalaProject$$anonfun$withPresentationCompiler$1.apply(ScalaProject.scala:594)
	at scala.tools.eclipse.util.Cached$class.apply(Cached.scala:41)
	at scala.tools.eclipse.ScalaProject$$anon$1.apply(ScalaProject.scala:96)
	at scala.tools.eclipse.ScalaProject.withPresentationCompiler(ScalaProject.scala:594)
	at scala.tools.eclipse.ScalaProject.withSourceFile(ScalaProject.scala:603)
	at scala.tools.eclipse.InteractiveCompilationUnit$class.withSourceFile(InteractiveCompilationUnit.scala:66)
	at org.scalaide.worksheet.ScriptCompilationUnit.withSourceFile(ScriptCompilationUnit.scala:27)
	at scala.tools.eclipse.ScalaHover.getHoverInfo(ScalaHover.scala:43)
	at org.eclipse.jface.text.TextViewerHoverManager$4.run(TextViewerHoverManager.java:168)
2013-04-03 15:14:42,930 ERROR [main] - org.scala-ide.sdt.core - org.scala-ide.sdt.core - org.scala-ide.sdt.core - 0 - java.util.ConcurrentModificationException
2013-04-03 20:40:35,499 ERROR [Worker-37] - System.err - SLF4J: Failed to load class "org.slf4j.impl.StaticLoggerBinder".
2013-04-03 20:40:35,527 ERROR [Worker-37] - System.err - SLF4J: Defaulting to no-operation (NOP) logger implementation
2013-04-03 20:40:35,527 ERROR [Worker-37] - System.err - SLF4J: See http://www.slf4j.org/codes.html#StaticLoggerBinder for further details.
2013-04-04 09:59:33,259  WARN [Worker-6] - ImplicitHighlightingPresenter - Timeout while waiting for `askLoadedTyped` during implicit highlighting.
2013-04-04 18:48:05,935 ERROR [Worker-11] - System.err - SLF4J: Failed to load class "org.slf4j.impl.StaticLoggerBinder".
2013-04-04 18:48:05,937 ERROR [Worker-11] - System.err - SLF4J: Defaulting to no-operation (NOP) logger implementation
2013-04-04 18:48:05,955 ERROR [Worker-11] - System.err - SLF4J: See http://www.slf4j.org/codes.html#StaticLoggerBinder for further details.
2013-04-05 11:31:51,061  WARN [Worker-0] - ImplicitHighlightingPresenter - Timeout while waiting for `askLoadedTyped` during implicit highlighting.
2013-04-05 11:31:51,665  WARN [Worker-0] - ImplicitHighlightingPresenter - Timeout while waiting for `askLoadedTyped` during implicit highlighting.
2013-04-05 14:30:43,519 ERROR [main] - org.scala-ide.sdt.core - org.scala-ide.sdt.core - org.scala-ide.sdt.core - 0 - Error during askOption
java.lang.InterruptedException
	at java.lang.Object.wait(Native Method)
	at scala.tools.nsc.interactive.Response.get(Response.scala:74)
	at scala.tools.eclipse.ScalaPresentationCompiler.askOption(ScalaPresentationCompiler.scala:137)
	at scala.tools.eclipse.ScalaPresentationCompiler.askOption(ScalaPresentationCompiler.scala:128)
	at scala.tools.eclipse.ScalaProject$$anon$1.create(ScalaProject.scala:104)
	at scala.tools.eclipse.ScalaProject$$anon$1.create(ScalaProject.scala:96)
	at scala.tools.eclipse.util.Cached$class.apply(Cached.scala:30)
	at scala.tools.eclipse.ScalaProject$$anon$1.apply(ScalaProject.scala:96)
	at scala.tools.eclipse.ScalaProject.withPresentationCompiler(ScalaProject.scala:594)
	at scala.tools.eclipse.ScalaProject.withSourceFile(ScalaProject.scala:603)
	at scala.tools.eclipse.InteractiveCompilationUnit$class.withSourceFile(InteractiveCompilationUnit.scala:66)
	at org.scalaide.worksheet.ScriptCompilationUnit.withSourceFile(ScriptCompilationUnit.scala:27)
	at scala.tools.eclipse.ScalaHover.getHoverInfo(ScalaHover.scala:43)
	at org.eclipse.jface.text.TextViewerHoverManager$4.run(TextViewerHoverManager.java:168)
2013-04-10 09:23:15,758  WARN [ModalContext] - ImplicitHighlightingPresenter - Timeout while waiting for `askLoadedTyped` during implicit highlighting.
2013-04-10 09:26:21,025  WARN [main] - ImplicitHighlightingPresenter - Timeout while waiting for `askLoadedTyped` during implicit highlighting.
2013-04-10 09:33:21,849  WARN [main] - ImplicitHighlightingPresenter - Timeout while waiting for `askLoadedTyped` during implicit highlighting.
2013-04-12 05:50:55,052 ERROR [Worker-30] - System.err - SLF4J: Failed to load class "org.slf4j.impl.StaticLoggerBinder".
2013-04-12 05:50:55,146 ERROR [Worker-30] - System.err - SLF4J: Defaulting to no-operation (NOP) logger implementation
2013-04-12 05:50:55,146 ERROR [Worker-30] - System.err - SLF4J: See http://www.slf4j.org/codes.html#StaticLoggerBinder for further details.
2013-04-12 11:25:20,531  WARN [org.eclipse.jdt.internal.ui.text.JavaReconciler] - ImplicitHighlightingPresenter - Timeout while waiting for `askLoadedTyped` during implicit highlighting.
2013-04-12 12:10:24,193  WARN [org.eclipse.jdt.internal.ui.text.JavaReconciler] - ImplicitHighlightingPresenter - Timeout while waiting for `askLoadedTyped` during implicit highlighting.
2013-04-12 20:58:07,031 ERROR [Worker-14] - System.err - SLF4J: Failed to load class "org.slf4j.impl.StaticLoggerBinder".
2013-04-12 20:58:07,060 ERROR [Worker-14] - System.err - SLF4J: Defaulting to no-operation (NOP) logger implementation
2013-04-12 20:58:07,060 ERROR [Worker-14] - System.err - SLF4J: See http://www.slf4j.org/codes.html#StaticLoggerBinder for further details.
2013-04-12 21:53:57,592  WARN [org.eclipse.jdt.internal.ui.text.JavaReconciler] - ImplicitHighlightingPresenter - Timeout while waiting for `askLoadedTyped` during implicit highlighting.
2013-04-12 21:57:01,019  WARN [org.eclipse.jdt.internal.ui.text.JavaReconciler] - ImplicitHighlightingPresenter - Timeout while waiting for `askLoadedTyped` during implicit highlighting.
2013-04-12 22:38:56,162  WARN [org.eclipse.jdt.internal.ui.text.JavaReconciler] - ImplicitHighlightingPresenter - Timeout while waiting for `askLoadedTyped` during implicit highlighting.
2013-04-12 23:12:58,131  WARN [org.eclipse.jdt.internal.ui.text.JavaReconciler] - ImplicitHighlightingPresenter - Timeout while waiting for `askLoadedTyped` during implicit highlighting.
2013-04-13 05:10:26,036 ERROR [Worker-20] - System.err - SLF4J: Failed to load class "org.slf4j.impl.StaticLoggerBinder".
2013-04-13 05:10:26,086 ERROR [Worker-20] - System.err - SLF4J: Defaulting to no-operation (NOP) logger implementation
2013-04-13 05:10:26,086 ERROR [Worker-20] - System.err - SLF4J: See http://www.slf4j.org/codes.html#StaticLoggerBinder for further details.
2013-04-14 04:59:13,192 ERROR [Worker-9] - System.err - SLF4J: Failed to load class "org.slf4j.impl.StaticLoggerBinder".
2013-04-14 04:59:13,243 ERROR [Worker-9] - System.err - SLF4J: Defaulting to no-operation (NOP) logger implementation
2013-04-14 04:59:13,243 ERROR [Worker-9] - System.err - SLF4J: See http://www.slf4j.org/codes.html#StaticLoggerBinder for further details.
2013-04-14 20:07:09,161  WARN [org.eclipse.jdt.internal.ui.text.JavaReconciler] - ImplicitHighlightingPresenter - Timeout while waiting for `askLoadedTyped` during implicit highlighting.
2013-04-14 20:30:56,353 ERROR [Worker-4] - System.err - SLF4J: Failed to load class "org.slf4j.impl.StaticLoggerBinder".
2013-04-14 20:30:56,354 ERROR [Worker-4] - System.err - SLF4J: Defaulting to no-operation (NOP) logger implementation
2013-04-14 20:30:56,354 ERROR [Worker-4] - System.err - SLF4J: See http://www.slf4j.org/codes.html#StaticLoggerBinder for further details.
2013-04-14 20:45:33,560 ERROR [Worker-7] - System.err - SLF4J: Failed to load class "org.slf4j.impl.StaticLoggerBinder".
2013-04-14 20:45:33,562 ERROR [Worker-7] - System.err - SLF4J: Defaulting to no-operation (NOP) logger implementation
2013-04-14 20:45:33,562 ERROR [Worker-7] - System.err - SLF4J: See http://www.slf4j.org/codes.html#StaticLoggerBinder for further details.
2013-04-15 11:09:36,962  WARN [Worker-3] - ImplicitHighlightingPresenter - Timeout while waiting for `askLoadedTyped` during implicit highlighting.
2013-04-15 20:44:09,843 ERROR [Worker-23] - System.err - SLF4J: Failed to load class "org.slf4j.impl.StaticLoggerBinder".
2013-04-15 20:44:09,844 ERROR [Worker-23] - System.err - SLF4J: Defaulting to no-operation (NOP) logger implementation
2013-04-15 20:44:09,845 ERROR [Worker-23] - System.err - SLF4J: See http://www.slf4j.org/codes.html#StaticLoggerBinder for further details.
2013-04-16 10:31:44,681  WARN [Worker-5] - ImplicitHighlightingPresenter - Timeout while waiting for `askLoadedTyped` during implicit highlighting.
2013-04-16 10:31:45,809  WARN [Worker-5] - ImplicitHighlightingPresenter - Timeout while waiting for `askLoadedTyped` during implicit highlighting.
2013-04-17 09:31:32,600  WARN [ModalContext] - ImplicitHighlightingPresenter - Timeout while waiting for `askLoadedTyped` during implicit highlighting.
2013-04-18 21:30:33,124 ERROR [main] - org.scala-ide.sdt.core - org.scala-ide.sdt.core - org.scala-ide.sdt.core - 0 - Error during instrumentation of ScriptCompilationUnit(L/patmat/src/main/scala/patmat/scratch.sc)
org.scalaide.worksheet.runtime.ProgramInstrumentationFailed: Error during askInstrumented of unit scratch.sc
	at org.scalaide.worksheet.runtime.SourceInstrumenter.instrumentProgram(SourceInstrumenter.scala:38)
	at org.scalaide.worksheet.runtime.SourceInstrumenter.instrument(SourceInstrumenter.scala:21)
	at org.scalaide.worksheet.runtime.WorksheetRunner$$anonfun$act$1$$anonfun$apply$1.applyOrElse(WorksheetRunner.scala:59)
	at scala.runtime.AbstractPartialFunction$mcVL$sp.apply$mcVL$sp(AbstractPartialFunction.scala:33)
	at scala.runtime.AbstractPartialFunction$mcVL$sp.apply(AbstractPartialFunction.scala:33)
	at scala.runtime.AbstractPartialFunction$mcVL$sp.apply(AbstractPartialFunction.scala:25)
	at scala.actors.ReactorTask.run(ReactorTask.scala:31)
	at scala.actors.Reactor$class.resumeReceiver(Reactor.scala:129)
	at org.scalaide.worksheet.runtime.WorksheetRunner.scala$actors$InternalReplyReactor$$super$resumeReceiver(WorksheetRunner.scala:33)
	at scala.actors.InternalReplyReactor$class.resumeReceiver(InternalReplyReactor.scala:59)
	at org.scalaide.worksheet.runtime.WorksheetRunner.resumeReceiver(WorksheetRunner.scala:33)
	at scala.actors.InternalActor$class.searchMailbox(InternalActor.scala:76)
	at org.scalaide.worksheet.runtime.WorksheetRunner.searchMailbox(WorksheetRunner.scala:33)
	at scala.actors.Reactor$$anonfun$startSearch$1$$anonfun$apply$mcV$sp$1.apply$mcV$sp(Reactor.scala:117)
	at scala.actors.Reactor$$anonfun$startSearch$1$$anonfun$apply$mcV$sp$1.apply(Reactor.scala:114)
	at scala.actors.Reactor$$anonfun$startSearch$1$$anonfun$apply$mcV$sp$1.apply(Reactor.scala:114)
	at scala.actors.ReactorTask.run(ReactorTask.scala:33)
	at scala.actors.ReactorTask.compute(ReactorTask.scala:63)
	at scala.concurrent.forkjoin.RecursiveAction.exec(RecursiveAction.java:160)
	at scala.concurrent.forkjoin.ForkJoinTask.doExec(ForkJoinTask.java:262)
	at scala.concurrent.forkjoin.ForkJoinPool$WorkQueue.runTask(ForkJoinPool.java:975)
	at scala.concurrent.forkjoin.ForkJoinPool.runWorker(ForkJoinPool.java:1478)
	at scala.concurrent.forkjoin.ForkJoinWorkerThread.run(ForkJoinWorkerThread.java:104)
Caused by: java.lang.ArrayIndexOutOfBoundsException
	at java.lang.System.arraycopy(Native Method)
	at scala.Array$.copy(Array.scala:105)
	at scala.tools.nsc.interactive.ScratchPadMaker2$Patcher$$anonfun$result$2.apply(ScratchPadMaker2.scala:148)
	at scala.tools.nsc.interactive.ScratchPadMaker2$Patcher$$anonfun$result$2.apply(ScratchPadMaker2.scala:145)
	at scala.collection.TraversableLike$WithFilter$$anonfun$foreach$1.apply(TraversableLike.scala:772)
	at scala.collection.mutable.ResizableArray$class.foreach(ResizableArray.scala:59)
	at scala.collection.mutable.ArrayBuffer.foreach(ArrayBuffer.scala:47)
	at scala.collection.TraversableLike$WithFilter.foreach(TraversableLike.scala:771)
	at scala.tools.nsc.interactive.ScratchPadMaker2$Patcher.result(ScratchPadMaker2.scala:145)
	at scala.tools.nsc.interactive.ProgramInstrumenter$Instrumenter$.scala$tools$nsc$interactive$ProgramInstrumenter$Instrumenter$$instrumentation(ProgramInstrumenter.scala:43)
	at scala.tools.nsc.interactive.ProgramInstrumenter$Instrumenter$$anonfun$askInstrumentation$2.apply(ProgramInstrumenter.scala:23)
	at scala.tools.nsc.interactive.ProgramInstrumenter$Instrumenter$$anonfun$askInstrumentation$2.apply(ProgramInstrumenter.scala:23)
	at scala.tools.nsc.interactive.Global$$anonfun$respond$1.apply(Global.scala:617)
	at scala.tools.nsc.interactive.Global$$anonfun$respond$1.apply(Global.scala:617)
	at scala.tools.nsc.interactive.Global.respondGradually(Global.scala:624)
	at scala.tools.nsc.interactive.Global.respond(Global.scala:617)
	at scala.tools.nsc.interactive.ProgramInstrumenter$Instrumenter$.askInstrumentation(ProgramInstrumenter.scala:22)
	at scala.tools.nsc.interactive.ProgramInstrumenter$$anonfun$askInstrumented$1.apply$mcV$sp(ProgramInstrumenter.scala:59)
	at scala.tools.nsc.interactive.ProgramInstrumenter$$anonfun$askInstrumented$1.apply(ProgramInstrumenter.scala:59)
	at scala.tools.nsc.interactive.ProgramInstrumenter$$anonfun$askInstrumented$1.apply(ProgramInstrumenter.scala:59)
	at scala.tools.nsc.util.InterruptReq.execute(InterruptReq.scala:26)
	at scala.tools.nsc.interactive.Global.pollForWork(Global.scala:340)
	at scala.tools.nsc.interactive.Global.checkForMoreWork(Global.scala:401)
	at scala.tools.nsc.interactive.Global.signalDone(Global.scala:254)
	at scala.tools.nsc.typechecker.Typers$Typer.typed(Typers.scala:5652)
	at scala.tools.nsc.typechecker.Typers$Typer.typedQualifier(Typers.scala:5710)
	at scala.tools.nsc.typechecker.Typers$Typer.typedQualifier(Typers.scala:5716)
	at scala.tools.nsc.typechecker.Typers$Typer.typedSelectOrSuperCall$1(Typers.scala:4918)
	at scala.tools.nsc.typechecker.Typers$Typer.typed1(Typers.scala:5551)
	at scala.tools.nsc.typechecker.Implicits$ImplicitSearch.typedImplicit1(Implicits.scala:601)
	at scala.tools.nsc.typechecker.Implicits$ImplicitSearch.typedImplicit0(Implicits.scala:562)
	at scala.tools.nsc.typechecker.Implicits$ImplicitSearch.scala$tools$nsc$typechecker$Implicits$ImplicitSearch$$typedImplicit(Implicits.scala:417)
	at scala.tools.nsc.typechecker.Implicits$ImplicitSearch$ImplicitComputation.tryImplicitInfo$1(Implicits.scala:838)
	at scala.tools.nsc.typechecker.Implicits$ImplicitSearch$ImplicitComputation.rankImplicits(Implicits.scala:841)
	at scala.tools.nsc.typechecker.Implicits$ImplicitSearch$ImplicitComputation.findBest(Implicits.scala:876)
	at scala.tools.nsc.typechecker.Implicits$ImplicitSearch.searchImplicit(Implicits.scala:935)
	at scala.tools.nsc.typechecker.Implicits$ImplicitSearch.bestImplicit(Implicits.scala:1322)
	at scala.tools.nsc.typechecker.Implicits$class.inferImplicit(Implicits.scala:82)
	at scala.tools.nsc.Global$$anon$1.inferImplicit(Global.scala:492)
	at scala.tools.nsc.typechecker.Implicits$class.inferImplicit(Implicits.scala:37)
	at scala.tools.nsc.Global$$anon$1.inferImplicit(Global.scala:492)
	at scala.tools.nsc.typechecker.Typers$Typer.applyImplicitArgs(Typers.scala:127)
	at scala.tools.nsc.typechecker.Typers$Typer$$anonfun$adaptToImplicitMethod$1$1$$anonfun$7.apply(Typers.scala:868)
	at scala.tools.nsc.typechecker.Typers$Typer$$anonfun$adaptToImplicitMethod$1$1$$anonfun$7.apply(Typers.scala:867)
	at scala.tools.nsc.typechecker.Typers$Typer.silent(Typers.scala:726)
	at scala.tools.nsc.typechecker.Typers$Typer.adaptToImplicitMethod$1(Typers.scala:865)
	at scala.tools.nsc.typechecker.Typers$Typer.adapt(Typers.scala:1121)
	at scala.tools.nsc.typechecker.Typers$Typer.typed(Typers.scala:5645)
	at scala.tools.nsc.typechecker.Typers$Typer.transformedOrTyped(Typers.scala:5825)
	at scala.tools.nsc.typechecker.Typers$Typer.typedDefDef(Typers.scala:2250)
	at scala.tools.nsc.typechecker.Typers$Typer.typed1(Typers.scala:5557)
	at scala.tools.nsc.typechecker.Typers$Typer.typed(Typers.scala:5630)
	at scala.tools.nsc.typechecker.Typers$Typer.scala$tools$nsc$typechecker$Typers$Typer$$typedStat$1(Typers.scala:2921)
	at scala.tools.nsc.typechecker.Typers$Typer$$anonfun$62.apply(Typers.scala:3025)
	at scala.tools.nsc.typechecker.Typers$Typer$$anonfun$62.apply(Typers.scala:3025)
	at scala.collection.immutable.List.loop$1(List.scala:170)
	at scala.collection.immutable.List.mapConserve(List.scala:186)
	at scala.tools.nsc.typechecker.Typers$Typer.typedStats(Typers.scala:3025)
	at scala.tools.nsc.typechecker.Typers$Typer.typedTemplate(Typers.scala:1914)
	at scala.tools.nsc.typechecker.Typers$Typer.typedModuleDef(Typers.scala:1794)
	at scala.tools.nsc.typechecker.Typers$Typer.typed1(Typers.scala:5572)
	at scala.tools.nsc.typechecker.Typers$Typer.typed(Typers.scala:5630)
	at scala.tools.nsc.typechecker.Typers$Typer.scala$tools$nsc$typechecker$Typers$Typer$$typedStat$1(Typers.scala:2921)
	at scala.tools.nsc.typechecker.Typers$Typer$$anonfun$62.apply(Typers.scala:3025)
	at scala.tools.nsc.typechecker.Typers$Typer$$anonfun$62.apply(Typers.scala:3025)
	at scala.collection.immutable.List.loop$1(List.scala:170)
	at scala.collection.immutable.List.mapConserve(List.scala:186)
	at scala.tools.nsc.typechecker.Typers$Typer.typedStats(Typers.scala:3025)
	at scala.tools.nsc.typechecker.Typers$Typer.typedPackageDef$1(Typers.scala:5288)
	at scala.tools.nsc.typechecker.Typers$Typer.typed1(Typers.scala:5575)
	at scala.tools.nsc.typechecker.Typers$Typer.typed(Typers.scala:5630)
	at scala.tools.nsc.typechecker.Typers$Typer.typed(Typers.scala:5687)
	at scala.tools.nsc.typechecker.Analyzer$typerFactory$$anon$3.apply(Analyzer.scala:99)
	at scala.tools.nsc.Global$GlobalPhase.applyPhase(Global.scala:463)
	at scala.tools.nsc.interactive.Global$TyperRun$$anonfun$applyPhase$1.apply(Global.scala:1157)
	at scala.tools.nsc.interactive.Global$TyperRun$$anonfun$applyPhase$1.apply(Global.scala:1157)
	at scala.reflect.internal.SymbolTable.atPhase(SymbolTable.scala:207)
	at scala.tools.nsc.interactive.Global$TyperRun.applyPhase(Global.scala:1157)
	at scala.tools.nsc.interactive.Global$TyperRun.typeCheck(Global.scala:1150)
	at scala.tools.nsc.interactive.Global.scala$tools$nsc$interactive$Global$$typeCheck(Global.scala:586)
	at scala.tools.nsc.interactive.Global$$anonfun$backgroundCompile$5$$anonfun$apply$7.apply(Global.scala:502)
	at scala.tools.nsc.interactive.Global$$anonfun$backgroundCompile$5.apply(Global.scala:498)
	at scala.tools.nsc.interactive.Global$$anonfun$backgroundCompile$5.apply(Global.scala:498)
	at scala.collection.TraversableLike$WithFilter$$anonfun$foreach$1.apply(TraversableLike.scala:772)
	at scala.collection.immutable.List.foreach(List.scala:318)
	at scala.collection.TraversableLike$WithFilter.foreach(TraversableLike.scala:771)
	at scala.tools.nsc.interactive.Global.backgroundCompile(Global.scala:498)
	at scala.tools.nsc.interactive.PresentationCompilerThread.run(PresentationCompilerThread.scala:25)
